<?xml version="1.0" encoding="UTF-8"?>
<!-- Generated by org.testng.reporters.JUnitReportReporter -->
<testsuite hostname="DAYZGAYU" failures="0" tests="2" name="com.wallet.TestScripts.walletPostReviewAndRead" time="10.818" errors="0" timestamp="2022-06-21T14:05:23 IST" skipped="0">
  <testcase classname="com.wallet.TestScripts.walletPostReviewAndRead" name="verifyStarAndClick" time="5.177"/>
  <system-out/>
  <testcase classname="com.wallet.TestScripts.walletPostReviewAndRead" name="readAddedReview" time="5.641"/>
  <system-out/>
</testsuite> <!-- com.wallet.TestScripts.walletPostReviewAndRead -->
