<?xml version="1.0" encoding="UTF-8"?>
<!-- Generated by org.testng.reporters.JUnitReportReporter -->
<testsuite hostname="DAYZGAYU" failures="0" tests="1" name="com.wallet.TestScripts.facebookLoginandDialogueDisplay" time="3.842" errors="0" timestamp="2022-06-23T19:11:50 IST" skipped="0">
  <testcase classname="com.wallet.TestScripts.facebookLoginandDialogueDisplay" name="loginFBandPostMsg" time="3.842"/>
  <system-out/>
</testsuite> <!-- com.wallet.TestScripts.facebookLoginandDialogueDisplay -->
