<?xml version="1.0" encoding="UTF-8"?>
<!-- Generated by org.testng.reporters.JUnitReportReporter -->
<testsuite hostname="DAYZGAYU" failures="0" tests="1" name="com.wallet.TestScripts.facebookLoginandDialogueDisplay" time="0.009" errors="0" timestamp="2022-06-20T17:55:06 IST" skipped="0">
  <testcase classname="com.wallet.TestScripts.facebookLoginandDialogueDisplay" name="loginFBandPostMsg" time="0.009"/>
  <system-out/>
</testsuite> <!-- com.wallet.TestScripts.facebookLoginandDialogueDisplay -->
